<?xml version="1.0" encoding="UTF-8" standalone="yes" ?>
<test-results name="C:\Users\nkerr\Documents\Embarcadero\Studio\Projects\DesafioDelphi\Test\Win32\Debug\TestDesafioDelphi.exe" total="2" errors="0" failures="0" ignored="0" inconclusive="0" not-run="0" skipped="0" invalid="0" date="2021-08-06" time="0.003">
  <culture-info current-culture="en" current-uiculture="en" />
  <test-suite type="Assembly" name="TestDesafioDelphi.exe" executed="true" result="Success" success="True" time="0.003" asserts="0">
    <results>
        <test-suite type="Namespace" name="uTestSimulacao" executed="true" result="Success" success="True" time="0.003" asserts="0" >
          <results>
              <test-suite type="Fixture" name="TestTSimulacao" executed="True" result="Success" success="True" time="0.003" >
                <results>
                  <test-case name="TestRealizarSimulacao.Test1" executed="True" result="Success" success="True" time="0.000" asserts="0" />
                  <test-case name="TestRealizarSimulacao.Test2" executed="True" result="Success" success="True" time="0.000" asserts="0" />
                </results>
              </test-suite>
          </results>
        </test-suite>
    </results>
  </test-suite>
</test-results>
